<?xml version="1.0" encoding="UTF-8"?>
<!-- Generated by org.testng.reporters.JUnitXMLReporter -->
<testsuite hostname="DESKTOP-GFU6O22" ignored="0" name="Test_1" tests="2" failures="1" timestamp="06 Oct 2022 08:40:49 GMT" time="85.884" errors="0">
  <testcase name="registrationTest" time="84.542" classname="com.hirepp.sel.tests.RegistrationTests"/>
  <testcase name="addJdManualFillFormTest" time="1.308" classname="com.hirepp.sel.tests.RegistrationTests">
    <failure type="java.lang.NullPointerException">
      <![CDATA[java.lang.NullPointerException
at com.hirepp.sel.tests.RegistrationTests.addJdManualFillFormTest(RegistrationTests.java:107)
... Removed 25 stack frames]]>
    </failure>
  </testcase> <!-- addJdManualFillFormTest -->
</testsuite> <!-- Test_1 -->
