<?xml version="1.0" encoding="UTF-8"?>
<!-- Generated by org.testng.reporters.JUnitXMLReporter -->
<testsuite hostname="DESKTOP-GFU6O22" ignored="0" name="Test_1" tests="1" failures="1" timestamp="06 Oct 2022 14:26:59 GMT" time="2.045" errors="0">
  <testcase name="addingCandidate" time="2.018" classname="com.hirepp.sel.tests.AddCandidateTest">
    <failure type="java.lang.IllegalStateException" message="Cannot get a NUMERIC value from a STRING cell">
      <![CDATA[java.lang.IllegalStateException: Cannot get a NUMERIC value from a STRING cell
at org.apache.poi.xssf.usermodel.XSSFCell.typeMismatch(XSSFCell.java:987)
at org.apache.poi.xssf.usermodel.XSSFCell.getNumericCellValue(XSSFCell.java:260)
at com.hirepp.utils.ExcelOperations.candidateExcelRead(ExcelOperations.java:77)
at com.hirepp.sel.tests.AddCandidateTest.addingCandidate(AddCandidateTest.java:26)
... Removed 25 stack frames]]>
    </failure>
  </testcase> <!-- addingCandidate -->
</testsuite> <!-- Test_1 -->
